charset-normalizer @ file:///tmp/build/80754af9/charset-normalizer_1630003229654/work
filelock @ file:///croot/filelock_1700591183607/work
gmpy2 @ file:///tmp/build/80754af9/gmpy2_1645438755360/work
idna @ file:///croot/idna_1666125576474/work
Jinja2 @ file:///croot/jinja2_1706733616596/work
MarkupSafe @ file:///opt/conda/conda-bld/markupsafe_1654597864307/work
mkl-fft==1.3.1
mkl-random @ file:///tmp/build/80754af9/mkl_random_1626186066731/work
mkl-service==2.4.0
mpmath @ file:///croot/mpmath_1690848262763/work
networkx @ file:///croot/networkx_1690561992265/work
requests @ file:///croot/requests_1707355572290/work
six @ file:///tmp/build/80754af9/six_1644875935023/work
sympy @ file:///croot/sympy_1701397643339/work
torch==2.2.0+cu121
torchaudio==2.2.0+cu121
torchvision==0.17.0+cu121
typing_extensions @ file:///croot/typing_extensions_1705599297034/work
urllib3 @ file:///croot/urllib3_1700840488771/work
#charset-normalizer @ file:///tmp/build/80754af9/charset-normalizer_1630003229654/work
#filelock @ file:///croot/filelock_1700591183607/work
#gmpy2 @ file:///tmp/build/80754af9/gmpy2_1645438755360/work
#idna @ file:///croot/idna_1666125576474/work
#Jinja2 @ file:///croot/jinja2_1706733616596/work
#MarkupSafe @ file:///opt/conda/conda-bld/markupsafe_1654597864307/work
#mkl-fft==1.3.1
#mkl-random @ file:///tmp/build/80754af9/mkl_random_1626186066731/work
#mkl-service==2.4.0
#mpmath @ file:///croot/mpmath_1690848262763/work
#networkx @ file:///croot/networkx_1690561992265/work
#requests @ file:///croot/requests_1707355572290/work
#six @ file:///tmp/build/80754af9/six_1644875935023/work
#sympy @ file:///croot/sympy_1701397643339/work
#typing_extensions @ file:///croot/typing_extensions_1705599297034/work
#urllib3 @ file:///croot/urllib3_1700840488771/work
