Traceback (most recent call last):
  File "/scratch/connectome/ycryu/ENIGMA_OCD_MBBN/MBBN-main/main.py", line 263, in <module>
    run_phase(args,model_weights_path,step,task)
  File "/scratch/connectome/ycryu/ENIGMA_OCD_MBBN/MBBN-main/main.py", line 218, in run_phase
    trainer = Trainer(sets=S,**kwargs)
  File "/scratch/connectome/ycryu/ENIGMA_OCD_MBBN/MBBN-main/trainer.py", line 67, in __init__
    self.train_loader, self.val_loader, self.test_loader = DataHandler(**kwargs).create_dataloaders()
  File "/scratch/connectome/ycryu/ENIGMA_OCD_MBBN/MBBN-main/data_preprocess_and_load/dataloaders.py", line 39, in __init__
    self.train_dataset = dataset(**self.kwargs)  # initializes the training dataset
  File "/scratch/connectome/ycryu/ENIGMA_OCD_MBBN/MBBN-main/data_preprocess_and_load/datasets.py", line 228, in __init__
    popt, pcov = curve_fit(lorentzian_function, xdata, ydata, p0=p0, maxfev = 5000, bounds=param_bounds)   # popt = optimal parameters
  File "/scratch/connectome/ycryu/.conda/envs/mbbn-env/lib/python3.9/site-packages/scipy/optimize/_minpack_py.py", line 988, in curve_fit
    res = least_squares(func, p0, jac=jac, bounds=bounds, method=method,
  File "/scratch/connectome/ycryu/.conda/envs/mbbn-env/lib/python3.9/site-packages/scipy/optimize/_lsq/least_squares.py", line 941, in least_squares
    result = trf(fun_wrapped, jac_wrapped, x0, f0, J0, lb, ub, ftol, xtol,
  File "/scratch/connectome/ycryu/.conda/envs/mbbn-env/lib/python3.9/site-packages/scipy/optimize/_lsq/trf.py", line 123, in trf
    return trf_bounds(
  File "/scratch/connectome/ycryu/.conda/envs/mbbn-env/lib/python3.9/site-packages/scipy/optimize/_lsq/trf.py", line 327, in trf_bounds
    p_h, alpha, n_iter = solve_lsq_trust_region(
  File "/scratch/connectome/ycryu/.conda/envs/mbbn-env/lib/python3.9/site-packages/scipy/optimize/_lsq/common.py", line 158, in solve_lsq_trust_region
    if np.abs(phi) < rtol * Delta:
KeyboardInterrupt
